mode: set
playlist-saver/service/servstatus/status_service_impl.go:12.83,16.2 1 1
playlist-saver/service/servstatus/status_service_impl.go:19.83,22.16 3 1
playlist-saver/service/servstatus/status_service_impl.go:25.2,25.32 1 1
playlist-saver/service/servstatus/status_service_impl.go:34.2,34.25 1 1
playlist-saver/service/servstatus/status_service_impl.go:22.16,24.3 1 1
playlist-saver/service/servstatus/status_service_impl.go:25.32,32.3 6 1
playlist-saver/service/servstatus/status_service_impl.go:37.77,41.16 2 1
playlist-saver/service/servstatus/status_service_impl.go:45.2,45.30 1 1
playlist-saver/service/servstatus/status_service_impl.go:52.2,52.12 1 1
playlist-saver/service/servstatus/status_service_impl.go:41.16,43.3 1 1
playlist-saver/service/servstatus/status_service_impl.go:45.30,47.17 2 1
playlist-saver/service/servstatus/status_service_impl.go:47.17,49.4 1 1
playlist-saver/service/servtoken/token_service_impl.go:15.78,19.2 1 1
playlist-saver/service/servtoken/token_service_impl.go:22.66,27.20 2 1
playlist-saver/service/servtoken/token_service_impl.go:40.2,40.12 1 1
playlist-saver/service/servtoken/token_service_impl.go:27.20,35.17 4 1
playlist-saver/service/servtoken/token_service_impl.go:35.17,37.4 1 1
playlist-saver/service/servtoken/token_service_impl.go:44.77,52.16 3 1
playlist-saver/service/servtoken/token_service_impl.go:56.2,56.37 1 1
playlist-saver/service/servtoken/token_service_impl.go:64.2,64.23 1 1
playlist-saver/service/servtoken/token_service_impl.go:52.16,54.3 1 1
playlist-saver/service/servtoken/token_service_impl.go:56.37,62.3 5 1
playlist-saver/service/servplaylist/domain.go:46.71,53.2 6 1
playlist-saver/service/servplaylist/domain.go:55.51,65.2 8 1
playlist-saver/service/servplaylist/playlist_service_impl.go:14.93,18.2 1 1
playlist-saver/service/servplaylist/playlist_service_impl.go:20.122,23.50 2 1
playlist-saver/service/servplaylist/playlist_service_impl.go:27.2,27.22 1 1
playlist-saver/service/servplaylist/playlist_service_impl.go:44.2,44.25 1 1
playlist-saver/service/servplaylist/playlist_service_impl.go:56.2,56.64 1 0
playlist-saver/service/servplaylist/playlist_service_impl.go:23.50,25.3 1 1
playlist-saver/service/servplaylist/playlist_service_impl.go:27.22,29.17 2 1
playlist-saver/service/servplaylist/playlist_service_impl.go:32.3,32.29 1 1
playlist-saver/service/servplaylist/playlist_service_impl.go:29.17,31.4 1 1
playlist-saver/service/servplaylist/playlist_service_impl.go:32.29,34.4 1 1
playlist-saver/service/servplaylist/playlist_service_impl.go:34.9,36.18 2 1
playlist-saver/service/servplaylist/playlist_service_impl.go:39.4,40.28 2 1
playlist-saver/service/servplaylist/playlist_service_impl.go:36.18,38.5 1 1
playlist-saver/service/servplaylist/playlist_service_impl.go:44.25,46.17 2 1
playlist-saver/service/servplaylist/playlist_service_impl.go:49.3,50.27 2 1
playlist-saver/service/servplaylist/playlist_service_impl.go:46.17,48.4 1 1
playlist-saver/service/servplaylist/playlist_service_impl.go:59.88,63.16 3 1
playlist-saver/service/servplaylist/playlist_service_impl.go:66.2,66.36 1 1
playlist-saver/service/servplaylist/playlist_service_impl.go:89.2,89.31 1 1
playlist-saver/service/servplaylist/playlist_service_impl.go:63.16,65.3 1 1
playlist-saver/service/servplaylist/playlist_service_impl.go:66.36,74.49 8 1
playlist-saver/service/servplaylist/playlist_service_impl.go:86.3,86.58 1 1
playlist-saver/service/servplaylist/playlist_service_impl.go:74.49,85.4 10 1
playlist-saver/service/servplaylist/playlist_service_impl.go:92.101,95.16 3 1
playlist-saver/service/servplaylist/playlist_service_impl.go:99.2,99.36 1 1
playlist-saver/service/servplaylist/playlist_service_impl.go:122.2,122.31 1 1
playlist-saver/service/servplaylist/playlist_service_impl.go:95.16,97.3 1 1
playlist-saver/service/servplaylist/playlist_service_impl.go:99.36,107.49 8 1
playlist-saver/service/servplaylist/playlist_service_impl.go:119.3,119.58 1 1
playlist-saver/service/servplaylist/playlist_service_impl.go:107.49,118.4 10 1
playlist-saver/service/servplaylist/playlist_service_impl.go:125.82,127.16 2 1
playlist-saver/service/servplaylist/playlist_service_impl.go:131.2,131.12 1 1
playlist-saver/service/servplaylist/playlist_service_impl.go:127.16,129.3 1 1
playlist-saver/service/servplaylist/playlist_service_impl.go:133.111,135.16 2 1
playlist-saver/service/servplaylist/playlist_service_impl.go:138.2,140.21 2 1
playlist-saver/service/servplaylist/playlist_service_impl.go:135.16,137.3 1 1
playlist-saver/service/servplaylistdetail/domain.go:23.74,36.2 11 1
playlist-saver/service/servplaylistdetail/domain.go:38.82,47.2 8 1
playlist-saver/service/servplaylistdetail/playlistdetail_service_impl.go:14.162,19.2 1 1
playlist-saver/service/servplaylistdetail/playlistdetail_service_impl.go:21.128,42.2 7 1
playlist-saver/service/servplaylistdetail/playlistdetail_service_impl.go:45.104,47.16 2 1
playlist-saver/service/servplaylistdetail/playlistdetail_service_impl.go:50.2,50.12 1 1
playlist-saver/service/servplaylistdetail/playlistdetail_service_impl.go:47.16,49.3 1 1
playlist-saver/service/servsearch/domain.go:15.74,21.2 5 1
playlist-saver/service/servsearch/search_service_impl.go:14.83,18.2 1 1
playlist-saver/service/servsearch/search_service_impl.go:20.85,22.18 2 1
playlist-saver/service/servsearch/search_service_impl.go:26.2,29.20 3 1
playlist-saver/service/servsearch/search_service_impl.go:22.18,23.41 1 0
playlist-saver/service/servsearch/search_service_impl.go:32.105,34.22 1 1
playlist-saver/service/servsearch/search_service_impl.go:38.2,40.15 3 1
playlist-saver/service/servsearch/search_service_impl.go:46.2,46.39 1 1
playlist-saver/service/servsearch/search_service_impl.go:59.2,59.23 1 1
playlist-saver/service/servsearch/search_service_impl.go:34.22,36.3 1 1
playlist-saver/service/servsearch/search_service_impl.go:40.15,42.3 1 1
playlist-saver/service/servsearch/search_service_impl.go:46.39,55.3 8 1
playlist-saver/service/servuser/domain.go:34.43,46.2 11 1
playlist-saver/service/servuser/domain.go:48.55,56.2 7 1
playlist-saver/service/servuser/domain.go:58.32,67.2 1 1
playlist-saver/service/servuser/user_service_impl.go:18.147,24.2 1 1
playlist-saver/service/servuser/user_service_impl.go:26.92,28.16 2 1
playlist-saver/service/servuser/user_service_impl.go:31.2,32.16 2 1
playlist-saver/service/servuser/user_service_impl.go:35.2,35.46 1 1
playlist-saver/service/servuser/user_service_impl.go:38.2,43.16 5 1
playlist-saver/service/servuser/user_service_impl.go:46.2,48.22 2 1
playlist-saver/service/servuser/user_service_impl.go:28.16,30.3 1 1
playlist-saver/service/servuser/user_service_impl.go:32.16,34.3 1 0
playlist-saver/service/servuser/user_service_impl.go:35.46,37.3 1 1
playlist-saver/service/servuser/user_service_impl.go:43.16,45.3 1 0
playlist-saver/service/servuser/user_service_impl.go:51.100,52.43 1 1
playlist-saver/service/servuser/user_service_impl.go:56.2,57.16 2 1
playlist-saver/service/servuser/user_service_impl.go:60.2,62.12 2 1
playlist-saver/service/servuser/user_service_impl.go:66.2,68.17 2 1
playlist-saver/service/servuser/user_service_impl.go:52.43,54.3 1 1
playlist-saver/service/servuser/user_service_impl.go:57.16,59.3 1 0
playlist-saver/service/servuser/user_service_impl.go:62.12,64.3 1 1
playlist-saver/service/servuser/user_service_impl.go:71.95,73.22 1 1
playlist-saver/service/servuser/user_service_impl.go:77.2,79.16 3 1
playlist-saver/service/servuser/user_service_impl.go:82.2,82.36 1 1
playlist-saver/service/servuser/user_service_impl.go:97.2,97.23 1 1
playlist-saver/service/servuser/user_service_impl.go:73.22,75.3 1 1
playlist-saver/service/servuser/user_service_impl.go:79.16,81.3 1 0
playlist-saver/service/servuser/user_service_impl.go:82.36,96.3 13 1
playlist-saver/service/servuser/user_service_impl.go:100.88,108.16 3 1
playlist-saver/service/servuser/user_service_impl.go:111.2,111.25 1 1
playlist-saver/service/servuser/user_service_impl.go:108.16,110.3 1 0
playlist-saver/service/servuser/user_service_impl.go:114.90,116.16 2 1
playlist-saver/service/servuser/user_service_impl.go:120.2,121.12 2 1
playlist-saver/service/servuser/user_service_impl.go:128.2,130.16 3 1
playlist-saver/service/servuser/user_service_impl.go:133.2,133.12 1 1
playlist-saver/service/servuser/user_service_impl.go:116.16,118.3 1 0
playlist-saver/service/servuser/user_service_impl.go:121.12,123.17 2 1
playlist-saver/service/servuser/user_service_impl.go:126.3,126.27 1 1
playlist-saver/service/servuser/user_service_impl.go:123.17,125.4 1 0
playlist-saver/service/servuser/user_service_impl.go:130.16,132.3 1 0
playlist-saver/service/servuser/user_service_impl.go:136.112,139.16 2 1
playlist-saver/service/servuser/user_service_impl.go:143.2,143.16 1 1
playlist-saver/service/servuser/user_service_impl.go:151.2,151.12 1 1
playlist-saver/service/servuser/user_service_impl.go:139.16,141.3 1 0
playlist-saver/service/servuser/user_service_impl.go:143.16,145.17 2 1
playlist-saver/service/servuser/user_service_impl.go:145.17,147.4 1 0
