mode: set
playlist-saver/service/servuser/domain.go:34.43,46.2 11 1
playlist-saver/service/servuser/domain.go:48.55,56.2 7 1
playlist-saver/service/servuser/domain.go:58.32,67.2 1 1
playlist-saver/service/servuser/user_service_impl.go:19.147,25.2 1 1
playlist-saver/service/servuser/user_service_impl.go:27.92,29.16 2 1
playlist-saver/service/servuser/user_service_impl.go:32.2,33.16 2 1
playlist-saver/service/servuser/user_service_impl.go:36.2,36.46 1 1
playlist-saver/service/servuser/user_service_impl.go:39.2,45.16 6 1
playlist-saver/service/servuser/user_service_impl.go:48.2,50.22 2 1
playlist-saver/service/servuser/user_service_impl.go:29.16,31.3 1 1
playlist-saver/service/servuser/user_service_impl.go:33.16,35.3 1 0
playlist-saver/service/servuser/user_service_impl.go:36.46,38.3 1 1
playlist-saver/service/servuser/user_service_impl.go:45.16,47.3 1 0
playlist-saver/service/servuser/user_service_impl.go:53.100,54.43 1 1
playlist-saver/service/servuser/user_service_impl.go:58.2,59.16 2 1
playlist-saver/service/servuser/user_service_impl.go:62.2,64.12 2 1
playlist-saver/service/servuser/user_service_impl.go:68.2,70.17 2 1
playlist-saver/service/servuser/user_service_impl.go:54.43,56.3 1 1
playlist-saver/service/servuser/user_service_impl.go:59.16,61.3 1 0
playlist-saver/service/servuser/user_service_impl.go:64.12,66.3 1 1
playlist-saver/service/servuser/user_service_impl.go:73.95,76.22 2 1
playlist-saver/service/servuser/user_service_impl.go:80.2,82.16 3 1
playlist-saver/service/servuser/user_service_impl.go:85.2,85.36 1 1
playlist-saver/service/servuser/user_service_impl.go:100.2,100.23 1 1
playlist-saver/service/servuser/user_service_impl.go:76.22,78.3 1 1
playlist-saver/service/servuser/user_service_impl.go:82.16,84.3 1 0
playlist-saver/service/servuser/user_service_impl.go:85.36,99.3 13 1
playlist-saver/service/servuser/user_service_impl.go:103.88,111.16 3 1
playlist-saver/service/servuser/user_service_impl.go:114.2,114.25 1 1
playlist-saver/service/servuser/user_service_impl.go:111.16,113.3 1 0
playlist-saver/service/servuser/user_service_impl.go:117.90,119.16 2 1
playlist-saver/service/servuser/user_service_impl.go:123.2,124.12 2 1
playlist-saver/service/servuser/user_service_impl.go:131.2,133.16 3 1
playlist-saver/service/servuser/user_service_impl.go:136.2,136.12 1 1
playlist-saver/service/servuser/user_service_impl.go:119.16,121.3 1 0
playlist-saver/service/servuser/user_service_impl.go:124.12,126.17 2 1
playlist-saver/service/servuser/user_service_impl.go:129.3,129.27 1 1
playlist-saver/service/servuser/user_service_impl.go:126.17,128.4 1 0
playlist-saver/service/servuser/user_service_impl.go:133.16,135.3 1 0
playlist-saver/service/servuser/user_service_impl.go:139.112,143.16 3 1
playlist-saver/service/servuser/user_service_impl.go:146.2,148.16 2 1
playlist-saver/service/servuser/user_service_impl.go:156.2,156.12 1 1
playlist-saver/service/servuser/user_service_impl.go:143.16,145.3 1 0
playlist-saver/service/servuser/user_service_impl.go:148.16,150.17 2 1
playlist-saver/service/servuser/user_service_impl.go:150.17,152.4 1 0
